[25/Oct/2023 06:25:32 Europe/Dublin] [Info] ############################################################
[25/Oct/2023 06:25:32 Europe/Dublin] [Info] # Output Factory initiated (html5)
[25/Oct/2023 06:25:32 Europe/Dublin] [Info] # Building output for: FA Operations App copy 1
[25/Oct/2023 06:25:32 Europe/Dublin] [Info] # URL /document/edit/264466
[25/Oct/2023 06:25:32 Europe/Dublin] [Info] # User: Vera Ponomareva
[25/Oct/2023 06:25:32 Europe/Dublin] [Info] # Time: Wed, 25 Oct 2023 06:25:32 +0100
[25/Oct/2023 06:25:32 Europe/Dublin] [Info] # Server: cottbus
[25/Oct/2023 06:25:32 Europe/Dublin] [Info] ############################################################
[25/Oct/2023 06:25:32 Europe/Dublin] [Info] Group: custom
[25/Oct/2023 06:25:32 Europe/Dublin] [Info] Type: html5
[25/Oct/2023 06:25:32 Europe/Dublin] [Info] Transformation: $user_dir/xsl/custom/layout-176289.xsl
[25/Oct/2023 06:25:33 Europe/Dublin] [Info] File found: $user_dir/xsl/custom/layout-176289.xsl
[25/Oct/2023 06:25:33 Europe/Dublin] [Info] ############################################################
[25/Oct/2023 06:25:33 Europe/Dublin] [Info] Building output for: html5
[25/Oct/2023 06:25:33 Europe/Dublin] [Info] Using stylesheet: $user_dir/xsl/custom/layout-176289.xsl
[25/Oct/2023 06:25:33 Europe/Dublin] [Info] Parameters for this build: []
[25/Oct/2023 06:25:33 Europe/Dublin] [Info] Environment variables for this build: {"image.size":"1","use.algolia.search":"1","taxonomies.propagate":"1"}
[25/Oct/2023 06:25:33 Europe/Dublin] [Info] Building output for languages: ["en"]
[25/Oct/2023 06:25:33 Europe/Dublin] [Info] Building multilang: no
[25/Oct/2023 06:25:33 Europe/Dublin] [Info] Building preview: no
[25/Oct/2023 06:25:33 Europe/Dublin] [Info] ############################################################
[25/Oct/2023 06:25:33 Europe/Dublin] [Info] Using build directory: $local_tmp/production-6538a6cb8f9ea5.65547788/FA_Operations_App_copy_1
[25/Oct/2023 06:25:34 Europe/Dublin] [Info] -- Generating source files
[25/Oct/2023 06:25:34 Europe/Dublin] [Info] -- Propagating taxonomies: true
[25/Oct/2023 06:25:34 Europe/Dublin] [Info] -- Source files have been generated
[25/Oct/2023 06:25:34 Europe/Dublin] [Info] -- Publication has no unresolved dependencies.
[25/Oct/2023 06:25:34 Europe/Dublin] [Info] -- Generating source files complete.
[25/Oct/2023 06:25:35 Europe/Dublin] [Info] Localizing: publication-264466.xml
[25/Oct/2023 06:25:35 Europe/Dublin] [Info] Language: en
[25/Oct/2023 06:25:35 Europe/Dublin] [Warning] Resolving some links failed
[25/Oct/2023 06:25:35 Europe/Dublin] [Info] [/*/*[3]/*[3]/*[1]/*/*] An outgoing link in <a href="/document/edit/264478">Reconciliation copy 1</a> could not be resolved. The link points to <a href="/document/edit/261290">View reconciliations</a> which is not part of this publication.
[25/Oct/2023 06:25:35 Europe/Dublin] [Info] [/*/*[3]/*[3]/*[2]/*[1]/*] An outgoing link in <a href="/document/edit/264478">Reconciliation copy 1</a> could not be resolved. The link points to <a href="/document/edit/261292">Fix a mismatch</a> which is not part of this publication.
[25/Oct/2023 06:25:35 Europe/Dublin] [Info] [/*/*[3]/*[3]/*[3]/*/*] An outgoing link in <a href="/document/edit/264478">Reconciliation copy 1</a> could not be resolved. The link points to <a href="/document/edit/261294">Assign a mismatch to a user</a> which is not part of this publication.
[25/Oct/2023 06:25:35 Europe/Dublin] [Info] [/*/*[3]/*[5]/*[4]/*] An outgoing link in <a href="/document/edit/264478">Reconciliation copy 1</a> could not be resolved. The link points to <a href="/document/edit/261286">Set up data sources</a> which is not part of this publication.
[25/Oct/2023 06:25:35 Europe/Dublin] [Info] [/*/*[3]/*[6]/*[5]/*[3]/*[1]/*/*] An outgoing link in <a href="/document/edit/264502">Set up data sources copy 1</a> could not be resolved. The link points to <a href="/document/edit/54188">Bank and custody connections</a> which is not part of this publication.
[25/Oct/2023 06:25:35 Europe/Dublin] [Info] [/*/*[3]/*[6]/*[5]/*[3]/*[2]/*[2]/*[1]/*/*] An outgoing link in <a href="/document/edit/264502">Set up data sources copy 1</a> could not be resolved. The link points to <a href="/document/edit/261284">Reconciliation</a> which is not part of this publication.
[25/Oct/2023 06:25:35 Europe/Dublin] [Info] [/*/*[3]/*[6]/*[5]/*[3]/*[2]/*[3]/*] An outgoing link in <a href="/document/edit/264502">Set up data sources copy 1</a> could not be resolved. The link points to <a href="/document/edit/50290">Import custom CSV files to FA</a> which is not part of this publication.
[25/Oct/2023 06:25:36 Europe/Dublin] [Info] Variable sets found: 0
[25/Oct/2023 06:25:37 Europe/Dublin] [Info] Inserting image links.
[25/Oct/2023 06:25:37 Europe/Dublin] [Info] Found 1 image(s).
[25/Oct/2023 06:25:37 Europe/Dublin] [Info] Found image 'operations_view.png'
[25/Oct/2023 06:25:38 Europe/Dublin] [Info] Profiling parameters: []
[25/Oct/2023 06:25:38 Europe/Dublin] [Info] Profiling customisation: $user_dir/xsl/profile.xsl (not found)
[25/Oct/2023 06:25:38 Europe/Dublin] [Info] Transformation: publication-264466--en.org.xml -> publication-264466--en.xml [profile.xsl]
[25/Oct/2023 06:25:38 Europe/Dublin] [Info] Transformation: publication-264466--en.xml -> publication-264466--en.xml [internal-xref.xsl]
[25/Oct/2023 06:25:38 Europe/Dublin] [Info] Transformation: A-filelist.xml -> B-sorted.xml [IO.document.sortlang.xsl]
[25/Oct/2023 06:25:38 Europe/Dublin] [Info] Transformation: B-sorted.xml -> C-concatenated.xml [IO.document.concat.xsl]
[25/Oct/2023 06:25:38 Europe/Dublin] [Info] Transformation: B-sorted.xml -> index-en.xml [IO.document.head.xsl]
[25/Oct/2023 06:25:38 Europe/Dublin] [Info] Created copy: $user_dir/xsl/custom/layout-176289.xsl -> $user_dir/xsl/custom/6538a6d2e837e.xsl
[25/Oct/2023 06:25:39 Europe/Dublin] [Info] Created symlink: $apppath/lib/docbook/xsl/html5/html5-2.page.xsl -> $user_dir/xsl/custom/6538a6d2e837e.page.xsl
[25/Oct/2023 06:25:39 Europe/Dublin] [Info] Created symlink: $apppath/lib/docbook/xsl/html5/html5-2.index.xsl -> $user_dir/xsl/custom/6538a6d2e837e.index.xsl
[25/Oct/2023 06:25:39 Europe/Dublin] [Info] Created symlink: $apppath/lib/docbook/xsl/html5/html5.toc.xsl -> $user_dir/xsl/custom/6538a6d2e837e.toc.xsl
[25/Oct/2023 06:25:39 Europe/Dublin] [Info] Created symlink: $apppath/lib/docbook/xsl/html5/html5.page.xsl -> $user_dir/xsl/custom/6538a6d2e837e.page.xsl
[25/Oct/2023 06:25:39 Europe/Dublin] [Info] Created symlink: $apppath/lib/docbook/xsl/html5/html5.index.xsl -> $user_dir/xsl/custom/6538a6d2e837e.index.xsl
[25/Oct/2023 06:25:39 Europe/Dublin] [Info] Image copied: en/image/uuid-59197ec8-cfcf-6e74-8255-c490141b0d9a.png
[25-Oct-2023 06:25:40 Europe/Dublin] Parsing manifest file: css/*, css/image/*, css/image/callouts/*, js/*, js/jquery-3/*, fonts/*
[25-Oct-2023 06:25:40 Europe/Dublin] Parsing manifest file: css/*, css/image/*, css/image/callouts/*, js/*, fonts/*
[25-Oct-2023 06:25:40 Europe/Dublin] Copy file '$user_dir/xsl/custom/assets/layout-176289/6110ef13cfc2e.png' to '$local_tmp/production-6538a6cb8f9ea5.65547788/FA_Operations_App_copy_1/out/css/image/corporate-logo.png'
[25-Oct-2023 06:25:40 Europe/Dublin] Copy file '$user_dir/xsl/custom/assets/layout-176289/6110ef0e4aed1.png' to '$local_tmp/production-6538a6cb8f9ea5.65547788/FA_Operations_App_copy_1/out/css/image/portal-logo.png'
[25-Oct-2023 06:25:40 Europe/Dublin] Copy file '$user_dir/xsl/custom/assets/layout-176289/6053bad8f3438.jpeg' to '$local_tmp/production-6538a6cb8f9ea5.65547788/FA_Operations_App_copy_1/out/css/image/portal-bg.jpeg'
[25-Oct-2023 06:25:40 Europe/Dublin] Copy file '$user_dir/xsl/custom/assets/layout-176289/64253bef9f2b9.js' to '$local_tmp/production-6538a6cb8f9ea5.65547788/FA_Operations_App_copy_1/out/js/layout-custom-script.js'
[25-Oct-2023 06:25:40 Europe/Dublin] Copy file '$user_dir/xsl/custom/assets/layout-176289/6054621d703dd.ico' to '$local_tmp/production-6538a6cb8f9ea5.65547788/FA_Operations_App_copy_1/out/favicon.ico'
[25-Oct-2023 06:25:40 Europe/Dublin] Post build HTML5
[25/Oct/2023 06:25:41 Europe/Dublin] [Info] Transformation: index-en.html -> toc-en.html [6538a6d2e837e.toc.xsl]
[25/Oct/2023 06:25:41 Europe/Dublin] [Info] Transformation: about-fa-operations.html -> about-fa-operations.html [6538a6d2e837e.page.xsl]
[25/Oct/2023 06:25:41 Europe/Dublin] [Info] Transformation: set-up-data-sources.html -> set-up-data-sources.html [6538a6d2e837e.page.xsl]
[25/Oct/2023 06:25:41 Europe/Dublin] [Info] Transformation: view-reconciliations.html -> view-reconciliations.html [6538a6d2e837e.page.xsl]
[25/Oct/2023 06:25:41 Europe/Dublin] [Info] Transformation: fix-a-mismatch.html -> fix-a-mismatch.html [6538a6d2e837e.page.xsl]
[25/Oct/2023 06:25:41 Europe/Dublin] [Info] Transformation: assign-a-mismatch-to-a-user.html -> assign-a-mismatch-to-a-user.html [6538a6d2e837e.page.xsl]
[25/Oct/2023 06:25:41 Europe/Dublin] [Info] Transformation: reconciliation.html -> reconciliation.html [6538a6d2e837e.page.xsl]
[25/Oct/2023 06:25:41 Europe/Dublin] [Info] Transformation: index-en.html -> index-en.html [6538a6d2e837e.page.xsl]
[25/Oct/2023 06:25:41 Europe/Dublin] [Info] Algolia search enabled.
[25/Oct/2023 06:25:41 Europe/Dublin] [Info] Updating Algolia index.
[25/Oct/2023 06:25:41 Europe/Dublin] [Info] Generating index page.
[25/Oct/2023 06:25:41 Europe/Dublin] [Info] Transformation: index.manifest -> index.html [6538a6d2e837e.index.xsl]
[25/Oct/2023 06:25:42 Europe/Dublin] [Info] # Took 9.789380 seconds to render.
